<?xml version="1.0" encoding="UTF-8"?>
<!-- Generated by org.testng.reporters.JUnitReportReporter -->
<testsuite hostname="bynry17-ThinkCentre-M90" name="com.TestPages.TestLogin" tests="1" failures="0" timestamp="24 Sep 2018 13:14:57 GMT" time="26.412" errors="0">
  <testcase name="checkValidUser" time="26.412" classname="com.TestPages.TestLogin"/>
</testsuite> <!-- com.TestPages.TestLogin -->
