<?xml version="1.0" encoding="UTF-8"?>
<!-- Generated by org.testng.reporters.JUnitReportReporter -->
<testsuite hostname="bynry17-ThinkCentre-M90" name="com.TestPages.TestLogin" tests="2" failures="0" timestamp="25 Sep 2018 09:45:35 GMT" time="63.554" errors="0">
  <testcase name="checkValidUser" time="60.887" classname="com.TestPages.TestLogin"/>
  <testcase name="checkAddCustomer" time="2.667" classname="com.TestPages.TestLogin"/>
</testsuite> <!-- com.TestPages.TestLogin -->
